# JRE version: Java(TM) SE Runtime Environment (8.0_191-b12) (build 1.8.0_191-b12)
# Java VM: Java HotSpot(TM) Client VM (25.191-b12 mixed mode windows-x86 )
Heap:
 def new generation   total 97024K, used 81478K [0x05400000, 0x0bd40000, 0x0fea0000)
  eden space 86272K,  88% used [0x05400000, 0x09e9fb50, 0x0a840000)
  from space 10752K,  47% used [0x0b2c0000, 0x0b7b2070, 0x0bd40000)
  to   space 10752K,   0% used [0x0a840000, 0x0a840000, 0x0b2c0000)
 tenured generation   total 215412K, used 109612K [0x0fea0000, 0x1d0fd000, 0x25400000)
   the space 215412K,  50% used [0x0fea0000, 0x169ab108, 0x169ab200, 0x1d0fd000)
 Metaspace       used 25251K, capacity 25812K, committed 25856K, reserved 25984K
GC Heap History (10 events):
Event: 9739.980 GC heap before
{Heap before GC invocations=22 (full 4):
 def new generation   total 97024K, used 89241K [0x05400000, 0x0bd40000, 0x0fea0000)
  eden space 86272K, 100% used [0x05400000, 0x0a840000, 0x0a840000)
  from space 10752K,  27% used [0x0a840000, 0x0ab26628, 0x0b2c0000)
  to   space 10752K,   0% used [0x0b2c0000, 0x0b2c0000, 0x0bd40000)
 tenured generation   total 215412K, used 106781K [0x0fea0000, 0x1d0fd000, 0x25400000)
   the space 215412K,  49% used [0x0fea0000, 0x166e7470, 0x166e7600, 0x1d0fd000)
 Metaspace       used 25251K, capacity 25812K, committed 25856K, reserved 25984K
Event: 9739.986 GC heap after
Heap after GC invocations=23 (full 4):
 def new generation   total 97024K, used 2967K [0x05400000, 0x0bd40000, 0x0fea0000)
  eden space 86272K,   0% used [0x05400000, 0x05400000, 0x0a840000)
  from space 10752K,  27% used [0x0b2c0000, 0x0b5a5d70, 0x0bd40000)
  to   space 10752K,   0% used [0x0a840000, 0x0a840000, 0x0b2c0000)
 tenured generation   total 215412K, used 106781K [0x0fea0000, 0x1d0fd000, 0x25400000)
   the space 215412K,  49% used [0x0fea0000, 0x166e7470, 0x166e7600, 0x1d0fd000)
 Metaspace       used 25251K, capacity 25812K, committed 25856K, reserved 25984K
}
Event: 10378.948 GC heap before
{Heap before GC invocations=23 (full 4):
 def new generation   total 97024K, used 89239K [0x05400000, 0x0bd40000, 0x0fea0000)
  eden space 86272K, 100% used [0x05400000, 0x0a840000, 0x0a840000)
  from space 10752K,  27% used [0x0b2c0000, 0x0b5a5d70, 0x0bd40000)
  to   space 10752K,   0% used [0x0a840000, 0x0a840000, 0x0b2c0000)
 tenured generation   total 215412K, used 106781K [0x0fea0000, 0x1d0fd000, 0x25400000)
   the space 215412K,  49% used [0x0fea0000, 0x166e7470, 0x166e7600, 0x1d0fd000)
 Metaspace       used 25251K, capacity 25812K, committed 25856K, reserved 25984K
Event: 10378.954 GC heap after
Heap after GC invocations=24 (full 4):
 def new generation   total 97024K, used 6129K [0x05400000, 0x0bd40000, 0x0fea0000)
  eden space 86272K,   0% used [0x05400000, 0x05400000, 0x0a840000)
  from space 10752K,  57% used [0x0a840000, 0x0ae3c618, 0x0b2c0000)
  to   space 10752K,   0% used [0x0b2c0000, 0x0b2c0000, 0x0bd40000)
 tenured generation   total 215412K, used 106781K [0x0fea0000, 0x1d0fd000, 0x25400000)
   the space 215412K,  49% used [0x0fea0000, 0x166e7470, 0x166e7600, 0x1d0fd000)
 Metaspace       used 25251K, capacity 25812K, committed 25856K, reserved 25984K
}
Event: 10951.998 GC heap before
{Heap before GC invocations=24 (full 4):
 def new generation   total 97024K, used 92401K [0x05400000, 0x0bd40000, 0x0fea0000)
  eden space 86272K, 100% used [0x05400000, 0x0a840000, 0x0a840000)
  from space 10752K,  57% used [0x0a840000, 0x0ae3c618, 0x0b2c0000)
  to   space 10752K,   0% used [0x0b2c0000, 0x0b2c0000, 0x0bd40000)
 tenured generation   total 215412K, used 106781K [0x0fea0000, 0x1d0fd000, 0x25400000)
   the space 215412K,  49% used [0x0fea0000, 0x166e7470, 0x166e7600, 0x1d0fd000)
 Metaspace       used 25251K, capacity 25812K, committed 25856K, reserved 25984K
Event: 10952.008 GC heap after
Heap after GC invocations=25 (full 4):
 def new generation   total 97024K, used 3897K [0x05400000, 0x0bd40000, 0x0fea0000)
  eden space 86272K,   0% used [0x05400000, 0x05400000, 0x0a840000)
  from space 10752K,  36% used [0x0b2c0000, 0x0b68e658, 0x0bd40000)
  to   space 10752K,   0% used [0x0a840000, 0x0a840000, 0x0b2c0000)
 tenured generation   total 215412K, used 109612K [0x0fea0000, 0x1d0fd000, 0x25400000)
   the space 215412K,  50% used [0x0fea0000, 0x169ab108, 0x169ab200, 0x1d0fd000)
 Metaspace       used 25251K, capacity 25812K, committed 25856K, reserved 25984K
}
Event: 11526.937 GC heap before
{Heap before GC invocations=25 (full 4):
 def new generation   total 97024K, used 90169K [0x05400000, 0x0bd40000, 0x0fea0000)
  eden space 86272K, 100% used [0x05400000, 0x0a840000, 0x0a840000)
  from space 10752K,  36% used [0x0b2c0000, 0x0b68e658, 0x0bd40000)
  to   space 10752K,   0% used [0x0a840000, 0x0a840000, 0x0b2c0000)
 tenured generation   total 215412K, used 109612K [0x0fea0000, 0x1d0fd000, 0x25400000)
   the space 215412K,  50% used [0x0fea0000, 0x169ab108, 0x169ab200, 0x1d0fd000)
 Metaspace       used 25251K, capacity 25812K, committed 25856K, reserved 25984K
Event: 11526.945 GC heap after
Heap after GC invocations=26 (full 4):
 def new generation   total 97024K, used 4757K [0x05400000, 0x0bd40000, 0x0fea0000)
  eden space 86272K,   0% used [0x05400000, 0x05400000, 0x0a840000)
  from space 10752K,  44% used [0x0a840000, 0x0ace57c8, 0x0b2c0000)
  to   space 10752K,   0% used [0x0b2c0000, 0x0b2c0000, 0x0bd40000)
 tenured generation   total 215412K, used 109612K [0x0fea0000, 0x1d0fd000, 0x25400000)
   the space 215412K,  50% used [0x0fea0000, 0x169ab108, 0x169ab200, 0x1d0fd000)
 Metaspace       used 25251K, capacity 25812K, committed 25856K, reserved 25984K
}
Event: 12111.010 GC heap before
{Heap before GC invocations=26 (full 4):
 def new generation   total 97024K, used 91029K [0x05400000, 0x0bd40000, 0x0fea0000)
  eden space 86272K, 100% used [0x05400000, 0x0a840000, 0x0a840000)
  from space 10752K,  44% used [0x0a840000, 0x0ace57c8, 0x0b2c0000)
  to   space 10752K,   0% used [0x0b2c0000, 0x0b2c0000, 0x0bd40000)
 tenured generation   total 215412K, used 109612K [0x0fea0000, 0x1d0fd000, 0x25400000)
   the space 215412K,  50% used [0x0fea0000, 0x169ab108, 0x169ab200, 0x1d0fd000)
 Metaspace       used 25251K, capacity 25812K, committed 25856K, reserved 25984K
Event: 12111.017 GC heap after
Heap after GC invocations=27 (full 4):
 def new generation   total 97024K, used 5064K [0x05400000, 0x0bd40000, 0x0fea0000)
  eden space 86272K,   0% used [0x05400000, 0x05400000, 0x0a840000)
  from space 10752K,  47% used [0x0b2c0000, 0x0b7b2070, 0x0bd40000)
  to   space 10752K,   0% used [0x0a840000, 0x0a840000, 0x0b2c0000)
 tenured generation   total 215412K, used 109612K [0x0fea0000, 0x1d0fd000, 0x25400000)
   the space 215412K,  50% used [0x0fea0000, 0x169ab108, 0x169ab200, 0x1d0fd000)
 Metaspace       used 25251K, capacity 25812K, committed 25856K, reserved 25984K
}

